2025-11-26 05:25:14.622 +00:00 [INF] Application starting. Log file: /workspaces/banking-system/logs/run-20251126-052514.log
2025-11-26 05:25:14.691 +00:00 [INF] Created accounts
2025-11-26 05:25:14.738 +00:00 [INF] Account Number: SA123
2025-11-26 05:25:14.742 +00:00 [INF] Current Balance: ¤1,000.00
2025-11-26 05:25:14.746 +00:00 [INF] Interest Rate: 2.00 %
2025-11-26 05:25:14.749 +00:00 [INF] Deposit of ¤10,500.00 successful. New balance: ¤11,500.00
2025-11-26 05:25:14.754 +00:00 [INF] Withdrawal of ¤200.00 successful. New balance: ¤11,300.00
2025-11-26 05:25:14.755 +00:00 [INF] Interest of ¤226.00 applied. New balance: ¤11,526.00
2025-11-26 05:25:14.756 +00:00 [INF] Account Number: SA123
2025-11-26 05:25:14.756 +00:00 [INF] Current Balance: ¤11,526.00
2025-11-26 05:25:14.756 +00:00 [INF] Interest Rate: 2.00 %
2025-11-26 05:25:14.757 +00:00 [INF] Account Number: CA456
2025-11-26 05:25:14.757 +00:00 [INF] Current Balance: ¤500.00
2025-11-26 05:25:14.757 +00:00 [INF] Overdraft Limit: ¤200.00
2025-11-26 05:25:14.757 +00:00 [INF] Deposit of ¤22,200.00 successful. New balance: ¤22,700.00
2025-11-26 05:25:14.758 +00:00 [INF] Withdrawal of ¤750.00 successful. New balance: ¤21,950.00
2025-11-26 05:25:14.758 +00:00 [INF] Account Number: CA456
2025-11-26 05:25:14.759 +00:00 [INF] Current Balance: ¤21,950.00
2025-11-26 05:25:14.759 +00:00 [INF] Overdraft Limit: ¤200.00
2025-11-26 05:25:14.759 +00:00 [INF] Withdrawal of ¤1.00 successful. New balance: ¤21,949.00
2025-11-26 05:25:14.759 +00:00 [INF] --- Account Information (Polymorphic) ---
2025-11-26 05:25:14.759 +00:00 [INF] Account Number: SA123
2025-11-26 05:25:14.760 +00:00 [INF] Current Balance: ¤11,526.00
2025-11-26 05:25:14.760 +00:00 [INF] Interest Rate: 2.00 %
2025-11-26 05:25:14.760 +00:00 [INF] --- Account Information (Polymorphic) ---
2025-11-26 05:25:14.760 +00:00 [INF] Account Number: CA456
2025-11-26 05:25:14.760 +00:00 [INF] Current Balance: ¤21,949.00
2025-11-26 05:25:14.761 +00:00 [INF] Overdraft Limit: ¤200.00
2025-11-26 05:25:14.771 +00:00 [INF] Application finished
