2025-11-26 05:14:47.717 +00:00 [INF] Application starting. Log file: /workspaces/banking-system/logs/run-20251126-051447.log
2025-11-26 05:14:47.765 +00:00 [INF] Created accounts
2025-11-26 05:14:47.776 +00:00 [INF] Account Number: SA123
2025-11-26 05:14:47.781 +00:00 [INF] Current Balance: ¤1,000.00
2025-11-26 05:14:47.789 +00:00 [INF] Interest Rate: 2.00 %
2025-11-26 05:14:47.794 +00:00 [INF] Deposit of ¤10,500.00 successful. New balance: ¤11,500.00
2025-11-26 05:14:47.802 +00:00 [INF] Withdrawal of ¤200.00 successful. New balance: ¤11,300.00
2025-11-26 05:14:47.803 +00:00 [INF] Interest of ¤226.00 applied. New balance: ¤11,526.00
2025-11-26 05:14:47.805 +00:00 [INF] Account Number: SA123
2025-11-26 05:14:47.806 +00:00 [INF] Current Balance: ¤11,526.00
2025-11-26 05:14:47.807 +00:00 [INF] Interest Rate: 2.00 %
2025-11-26 05:14:47.809 +00:00 [INF] Account Number: CA456
2025-11-26 05:14:47.811 +00:00 [INF] Current Balance: ¤500.00
2025-11-26 05:14:47.813 +00:00 [INF] Overdraft Limit: ¤200.00
2025-11-26 05:14:47.815 +00:00 [INF] Deposit of ¤22,200.00 successful. New balance: ¤22,700.00
2025-11-26 05:14:47.817 +00:00 [INF] Withdrawal of ¤750.00 successful. New balance: ¤21,950.00
2025-11-26 05:14:47.818 +00:00 [INF] Account Number: CA456
2025-11-26 05:14:47.819 +00:00 [INF] Current Balance: ¤21,950.00
2025-11-26 05:14:47.820 +00:00 [INF] Overdraft Limit: ¤200.00
2025-11-26 05:14:47.821 +00:00 [INF] Withdrawal of ¤1.00 successful. New balance: ¤21,949.00
2025-11-26 05:14:47.823 +00:00 [INF] --- Account Information (Polymorphic) ---
2025-11-26 05:14:47.824 +00:00 [INF] Account Number: SA123
2025-11-26 05:14:47.827 +00:00 [INF] Current Balance: ¤11,526.00
2025-11-26 05:14:47.828 +00:00 [INF] Interest Rate: 2.00 %
2025-11-26 05:14:47.829 +00:00 [INF] --- Account Information (Polymorphic) ---
2025-11-26 05:14:47.831 +00:00 [INF] Account Number: CA456
2025-11-26 05:14:47.831 +00:00 [INF] Current Balance: ¤21,949.00
2025-11-26 05:14:47.833 +00:00 [INF] Overdraft Limit: ¤200.00
2025-11-26 05:14:47.855 +00:00 [INF] Application finished
